<?xml version="1.0" encoding="UTF-8"?>
<!-- Generated by org.testng.reporters.JUnitReportReporter -->
<testsuite hostname="Pablo-Windows" failures="0" tests="8" name="com.testng.ejercicio1.NewTest" time="0.030" errors="0" timestamp="2022-11-12T10:09:15 CST" skipped="0">
  <testcase classname="com.testng.ejercicio1.NewTest" name="verificaOpcionVeganaTrue" time="0.002"/>
  <system-out/>
  <testcase classname="com.testng.ejercicio1.NewTest" name="verificaOpcionIngrediente1Pimiento" time="0.002"/>
  <system-out/>
  <testcase classname="com.testng.ejercicio1.NewTest" name="verificaOpcionIngrediente1Peperoni" time="0.005"/>
  <system-out/>
  <testcase classname="com.testng.ejercicio1.NewTest" name="verificaOpcionIngrediente3Espinaca" time="0.001"/>
  <system-out/>
  <testcase classname="com.testng.ejercicio1.NewTest" name="verificaIngrediente1Default" time="0.012"/>
  <system-out/>
  <testcase classname="com.testng.ejercicio1.NewTest" name="verificaOpcionIngrediente2Hongo" time="0.002"/>
  <system-out/>
  <testcase classname="com.testng.ejercicio1.NewTest" name="verificaOpcionVeganaDefault" time="0.004"/>
  <system-out/>
  <testcase classname="com.testng.ejercicio1.NewTest" name="verificaOpcionInvalidaIngrediente1" time="0.002"/>
  <system-out/>
</testsuite> <!-- com.testng.ejercicio1.NewTest -->
